159
0 a 33
0 b 1
1 a 35
1 b 0
2 a 33
2 b 25
3 a 18
3 b 24
4 a 34
4 b 23
5 a 85
5 b 0
6 a 98
6 b 22
7 a 112
7 b 36
8 a 106
8 b 13
9 a 106
9 b 49
10 a 75
10 b 33
11 a 73
11 b 6
12 a 73
12 b 37
13 a 128
13 b 20
14 a 129
14 b 21
15 a 90
15 b 23
16 a 86
16 b 38
17 a 3
17 b 117
18 a 0
18 b 70
19 a 0
19 b 125
20 a 2
20 b 70
21 a 32
21 b 108
22 a 17
22 b 103
23 a 22
23 b 101
24 a 46
24 b 76
25 a 50
25 b 134
26 a 36
26 b 133
27 a 12
27 b 131
28 a 14
28 b 151
29 a 48
29 b 80
30 a 52
30 b 141
31 a 99
31 b 55
32 a 55
32 b 104
33 a 59
33 b 117
34 a 134
34 b 102
35 a 77
35 b 112
36 a 99
36 b 61
37 a 114
37 b 82
38 a 105
38 b 153
39 a 60
39 b 70
40 a 137
40 b 60
41 a 150
41 b 119
42 a 119
42 b 131
43 a 80
43 b 76
44 a 82
44 b 134
45 a 134
45 b 93
46 a 141
46 b 132
47 a 80
47 b 133
48 a 89
48 b 136
49 a 158
49 b 87
50 a 140
50 b 143
51 a 95
51 b 141
52 a 82
52 b 149
53 a 153
53 b 94
54 a 155
54 b 151
55 a 19
55 b 39
56 a 129
56 b 2
57 a 127
57 b 22
58 a 85
58 b 21
59 a 2
59 b 101
60 a 23
60 b 108
61 a 22
61 b 71
62 a 146
62 b 63
63 a 63
63 b 124
64 a 80
64 b 132
65 a 153
65 b 122
66 a 122
66 b 149
67 a 141
67 b 82
68 a 155
68 b 153
69 a 4
69 b 41
70 a 30
70 b 31
71 a 30
71 b 7
72 a 27
72 b 14
73 a 27
73 b 53
74 a 45
74 b 46
75 a 72
75 b 4
76 a 116
76 b 5
77 a 112
77 b 6
78 a 100
78 b 50
79 a 118
79 b 40
80 a 112
80 b 37
81 a 106
81 b 41
82 a 116
82 b 44
83 a 72
83 b 31
84 a 73
84 b 31
85 a 72
85 b 29
86 a 72
86 b 7
87 a 73
87 b 7
88 a 74
88 b 14
89 a 74
89 b 53
90 a 83
90 b 30
91 a 83
91 b 8
92 a 86
92 b 8
93 a 135
93 b 13
94 a 135
94 b 49
95 a 142
95 b 38
96 a 139
96 b 43
97 a 91
97 b 46
98 a 31
98 b 115
99 a 11
99 b 106
100 a 31
100 b 79
101 a 28
101 b 76
102 a 26
102 b 141
103 a 9
103 b 120
104 a 54
104 b 130
105 a 13
105 b 133
106 a 48
106 b 131
107 a 10
107 b 147
108 a 51
108 b 84
109 a 40
109 b 152
110 a 11
110 b 77
111 a 12
111 b 77
112 a 42
112 b 157
113 a 14
113 b 147
114 a 15
114 b 138
115 a 47
115 b 95
116 a 16
116 b 155
117 a 50
117 b 93
118 a 52
118 b 152
119 a 110
119 b 67
120 a 126
120 b 62
121 a 144
121 b 68
122 a 126
122 b 65
123 a 62
123 b 147
124 a 68
124 b 120
125 a 64
125 b 77
126 a 66
126 b 155
127 a 76
127 b 102
128 a 130
128 b 106
129 a 88
129 b 111
130 a 110
130 b 57
131 a 114
131 b 132
132 a 109
132 b 143
133 a 113
133 b 96
134 a 126
134 b 56
135 a 58
135 b 152
136 a 69
136 b 76
137 a 120
137 b 72
138 a 81
138 b 130
139 a 130
139 b 77
140 a 96
140 b 131
141 a 158
141 b 136
142 a 88
142 b 84
143 a 89
143 b 84
144 a 120
144 b 120
145 a 122
145 b 120
146 a 120
146 b 126
147 a 154
147 b 121
148 a 121
148 b 155
149 a 123
149 b 153
150 a 140
150 b 138
151 a 156
151 b 92
152 a 150
152 b 78
153 a 148
153 b 145
154 a 155
154 b 147
155 a 153
155 b 149
156 a 95
156 b 152
157 a 82
157 b 93
158 a 97
158 b 157
107
14
64
65
66
67
68
55
56
57
58
59
60
61
62
63
55
0
1
2
3
4
5
6
7
8
9
10
11
12
13
14
15
16
17
18
19
20
21
22
23
24
25
26
27
28
29
30
31
32
33
34
35
36
37
38
39
40
41
42
43
44
45
46
47
48
49
50
51
52
53
54
90
69
70
71
72
73
74
75
76
77
78
79
80
81
82
83
84
85
86
87
88
89
90
91
92
93
94
95
96
97
98
99
100
101
102
103
104
105
106
107
108
109
110
111
112
113
114
115
116
117
118
119
120
121
122
123
124
125
126
127
128
129
130
131
132
133
134
135
136
137
138
139
140
141
142
143
144
145
146
147
148
149
150
151
152
153
154
155
156
157
158
