1549
0 a 741
0 b 853
1 a 741
1 b 863
2 a 783
2 b 763
3 a 791
3 b 764
4 a 800
4 b 763
5 a 767
5 b 854
6 a 783
6 b 847
7 a 783
7 b 897
8 a 791
8 b 895
9 a 800
9 b 897
10 a 857
10 b 871
11 a 836
11 b 863
12 a 870
12 b 871
13 a 234
13 b 718
14 a 162
14 b 725
15 a 234
15 b 726
16 a 251
16 b 726
17 a 195
17 b 730
18 a 492
18 b 730
19 a 11
19 b 732
20 a 11
20 b 733
21 a 1
21 b 771
22 a 1
22 b 865
23 a 487
23 b 731
24 a 232
24 b 731
25 a 233
25 b 732
26 a 76
26 b 733
27 a 50
27 b 734
28 a 233
28 b 733
29 a 250
29 b 733
30 a 658
30 b 733
31 a 228
31 b 734
32 a 152
32 b 739
33 a 256
33 b 738
34 a 228
34 b 747
35 a 482
35 b 749
36 a 195
36 b 749
37 a 197
37 b 749
38 a 432
38 b 750
39 a 233
39 b 751
40 a 250
40 b 751
41 a 233
41 b 754
42 a 250
42 b 754
43 a 658
43 b 754
44 a 362
44 b 755
45 a 157
45 b 756
46 a 166
46 b 755
47 a 144
47 b 756
48 a 129
48 b 763
49 a 162
49 b 764
50 a 490
50 b 763
51 a 234
51 b 763
52 a 251
52 b 763
53 a 588
53 b 764
54 a 148
54 b 771
55 a 363
55 b 778
56 a 160
56 b 802
57 a 157
57 b 865
58 a 146
58 b 777
59 a 688
59 b 777
60 a 132
60 b 801
61 a 129
61 b 847
62 a 132
62 b 873
63 a 233
63 b 779
64 a 554
64 b 780
65 a 373
65 b 875
66 a 424
66 b 792
67 a 152
67 b 802
68 a 404
68 b 890
69 a 654
69 b 801
70 a 197
70 b 805
71 a 605
71 b 815
72 a 228
72 b 815
73 a 962
73 b 817
74 a 250
74 b 817
75 a 48
75 b 867
76 a 486
76 b 863
77 a 484
77 b 885
78 a 484
78 b 889
79 a 486
79 b 896
80 a 511
80 b 851
81 a 234
81 b 847
82 a 536
82 b 884
83 a 236
83 b 852
84 a 962
84 b 868
85 a 552
85 b 860
86 a 236
86 b 880
87 a 230
87 b 863
88 a 216
88 b 867
89 a 605
89 b 859
90 a 961
90 b 859
91 a 626
91 b 860
92 a 971
92 b 868
93 a 250
93 b 868
94 a 658
94 b 868
95 a 604
95 b 844
96 a 654
96 b 873
97 a 253
97 b 873
98 a 672
98 b 873
99 a 253
99 b 843
100 a 254
100 b 855
101 a 686
101 b 856
102 a 664
102 b 880
103 a 254
103 b 874
104 a 685
104 b 874
105 a 229
105 b 885
106 a 584
106 b 814
107 a 584
107 b 887
108 a 654
108 b 883
109 a 229
109 b 889
110 a 594
110 b 884
111 a 229
111 b 886
112 a 87
112 b 865
113 a 741
113 b 1074
114 a 736
114 b 1106
115 a 741
115 b 1089
116 a 843
116 b 1088
117 a 836
117 b 1089
118 a 843
118 b 1111
119 a 727
119 b 982
120 a 717
120 b 567
121 a 717
121 b 590
122 a 721
122 b 297
123 a 721
123 b 1006
124 a 719
124 b 529
125 a 720
125 b 1022
126 a 720
126 b 309
127 a 721
127 b 1042
128 a 727
128 b 986
129 a 727
129 b 1000
130 a 727
130 b 313
131 a 728
131 b 1021
132 a 728
132 b 561
133 a 741
133 b 982
134 a 836
134 b 982
135 a 828
135 b 983
136 a 740
136 b 996
137 a 736
137 b 990
138 a 735
138 b 999
139 a 736
139 b 400
140 a 735
140 b 423
141 a 736
141 b 561
142 a 736
142 b 1034
143 a 740
143 b 1028
144 a 741
144 b 313
145 a 740
145 b 608
146 a 740
146 b 80
147 a 742
147 b 996
148 a 742
148 b 608
149 a 742
149 b 1039
150 a 742
150 b 655
151 a 743
151 b 1012
152 a 743
152 b 564
153 a 746
153 b 707
154 a 745
154 b 606
155 a 745
155 b 597
156 a 748
156 b 512
157 a 748
157 b 608
158 a 748
158 b 655
159 a 752
159 b 479
160 a 752
160 b 564
161 a 826
161 b 987
162 a 823
162 b 996
163 a 800
163 b 336
164 a 807
164 b 338
165 a 843
165 b 338
166 a 765
166 b 422
167 a 765
167 b 1024
168 a 781
168 b 33
169 a 840
169 b 990
170 a 796
170 b 991
171 a 831
171 b 992
172 a 894
172 b 992
173 a 836
173 b 997
174 a 772
174 b 431
175 a 779
175 b 446
176 a 779
176 b 513
177 a 779
177 b 712
178 a 783
178 b 297
179 a 781
179 b 446
180 a 781
180 b 513
181 a 783
181 b 323
182 a 781
182 b 101
183 a 785
183 b 77
184 a 785
184 b 603
185 a 787
185 b 592
186 a 786
186 b 603
187 a 787
187 b 630
188 a 788
188 b 503
189 a 788
189 b 714
190 a 790
190 b 288
191 a 790
191 b 301
192 a 793
192 b 571
193 a 793
193 b 599
194 a 793
194 b 715
195 a 836
195 b 399
196 a 794
196 b 633
197 a 796
197 b 674
198 a 797
198 b 636
199 a 798
199 b 455
200 a 798
200 b 493
201 a 800
201 b 297
202 a 799
202 b 199
203 a 800
203 b 323
204 a 800
204 b 681
205 a 858
205 b 1001
206 a 825
206 b 1002
207 a 773
207 b 620
208 a 775
208 b 621
209 a 805
209 b 438
210 a 807
210 b 666
211 a 805
211 b 692
212 a 817
212 b 448
213 a 822
213 b 447
214 a 848
214 b 448
215 a 849
215 b 447
216 a 850
216 b 446
217 a 817
217 b 199
218 a 817
218 b 501
219 a 818
219 b 1032
220 a 817
220 b 266
221 a 817
221 b 693
222 a 817
222 b 697
223 a 819
223 b 648
224 a 818
224 b 618
225 a 822
225 b 680
226 a 825
226 b 954
227 a 825
227 b 1023
228 a 823
228 b 608
229 a 825
229 b 518
230 a 825
230 b 245
231 a 824
231 b 619
232 a 825
232 b 619
233 a 826
233 b 570
234 a 826
234 b 1029
235 a 827
235 b 560
236 a 828
236 b 312
237 a 829
237 b 292
238 a 850
238 b 513
239 a 841
239 b 620
240 a 876
240 b 56
241 a 831
241 b 1038
242 a 831
242 b 102
243 a 832
243 b 1032
244 a 832
244 b 618
245 a 811
245 b 572
246 a 811
246 b 710
247 a 861
247 b 549
248 a 849
248 b 680
249 a 857
249 b 309
250 a 858
250 b 570
251 a 858
251 b 1029
252 a 836
252 b 313
253 a 858
253 b 601
254 a 861
254 b 563
255 a 861
255 b 1043
256 a 872
256 b 606
257 a 843
257 b 1030
258 a 834
258 b 245
259 a 894
259 b 517
260 a 886
260 b 502
261 a 876
261 b 503
262 a 876
262 b 104
263 a 843
263 b 590
264 a 877
264 b 192
265 a 877
265 b 659
266 a 813
266 b 629
267 a 813
267 b 631
268 a 835
268 b 670
269 a 888
269 b 708
270 a 869
270 b 107
271 a 886
271 b 703
272 a 11
272 b 1047
273 a 4
273 b 1048
274 a 2
274 b 1087
275 a 11
275 b 1095
276 a 233
276 b 1055
277 a 228
277 b 1056
278 a 233
278 b 1047
279 a 122
279 b 1049
280 a 148
280 b 1048
281 a 234
281 b 1057
282 a 233
282 b 1058
283 a 157
283 b 1060
284 a 175
284 b 1059
285 a 148
285 b 1060
286 a 197
286 b 1061
287 a 148
287 b 1063
288 a 152
288 b 1064
289 a 123
289 b 1088
290 a 157
290 b 1066
291 a 920
291 b 1066
292 a 229
292 b 1065
293 a 148
293 b 1067
294 a 233
294 b 1068
295 a 250
295 b 1068
296 a 253
296 b 1069
297 a 154
297 b 1093
298 a 156
298 b 1099
299 a 157
299 b 1102
300 a 224
300 b 1075
301 a 254
301 b 1073
302 a 147
302 b 1088
303 a 147
303 b 1084
304 a 148
304 b 1078
305 a 148
305 b 1082
306 a 168
306 b 1109
307 a 175
307 b 1076
308 a 216
308 b 1077
309 a 218
309 b 1080
310 a 962
310 b 1081
311 a 250
311 b 1081
312 a 236
312 b 1083
313 a 190
313 b 1086
314 a 175
314 b 1087
315 a 234
315 b 1090
316 a 260
316 b 1092
317 a 76
317 b 1095
318 a 164
318 b 1098
319 a 218
319 b 1085
320 a 201
320 b 1110
321 a 216
321 b 1103
322 a 229
322 b 1104
323 a 194
323 b 1107
324 a 1052
324 b 399
325 a 1072
325 b 336
326 a 1072
326 b 681
327 a 131
327 b 3
328 a 205
328 b 3
329 a 526
329 b 4
330 a 11
330 b 984
331 a 1
331 b 316
332 a 11
332 b 284
333 a 2
333 b 644
334 a 2
334 b 1045
335 a 4
335 b 316
336 a 12
336 b 377
337 a 10
337 b 1015
338 a 10
338 b 291
339 a 132
339 b 116
340 a 79
340 b 116
341 a 654
341 b 116
342 a 253
342 b 116
343 a 115
343 b 38
344 a 115
344 b 567
345 a 117
345 b 297
346 a 117
346 b 1006
347 a 117
347 b 308
348 a 117
348 b 1041
349 a 124
349 b 325
350 a 159
350 b 325
351 a 902
351 b 274
352 a 899
352 b 426
353 a 148
353 b 981
354 a 76
354 b 984
355 a 108
355 b 985
356 a 173
356 b 14
357 a 408
357 b 16
358 a 170
358 b 14
359 a 17
359 b 427
360 a 16
360 b 1005
361 a 15
361 b 496
362 a 327
362 b 422
363 a 329
363 b 618
364 a 329
364 b 661
365 a 29
365 b 273
366 a 212
366 b 272
367 a 464
367 b 272
368 a 665
368 b 273
369 a 962
369 b 274
370 a 76
370 b 274
371 a 250
371 b 274
372 a 275
372 b 567
373 a 339
373 b 400
374 a 341
374 b 618
375 a 331
375 b 345
376 a 120
376 b 345
377 a 939
377 b 343
378 a 482
378 b 343
379 a 654
379 b 344
380 a 371
380 b 347
381 a 540
381 b 347
382 a 343
382 b 441
383 a 348
383 b 438
384 a 347
384 b 441
385 a 343
385 b 460
386 a 343
386 b 216
387 a 20
387 b 402
388 a 22
388 b 402
389 a 22
389 b 188
390 a 22
390 b 609
391 a 133
391 b 27
392 a 371
392 b 26
393 a 457
393 b 29
394 a 163
394 b 26
395 a 167
395 b 31
396 a 29
396 b 995
397 a 29
397 b 427
398 a 30
398 b 1007
399 a 24
399 b 574
400 a 23
400 b 318
401 a 59
401 b 993
402 a 260
402 b 994
403 a 119
403 b 321
404 a 330
404 b 338
405 a 903
405 b 334
406 a 914
406 b 333
407 a 123
407 b 338
408 a 362
408 b 331
409 a 934
409 b 336
410 a 905
410 b 336
411 a 490
411 b 336
412 a 541
412 b 332
413 a 209
413 b 332
414 a 536
414 b 333
415 a 968
415 b 333
416 a 654
416 b 334
417 a 594
417 b 333
418 a 240
418 b 335
419 a 251
419 b 336
420 a 361
420 b 353
421 a 354
421 b 447
422 a 355
422 b 572
423 a 915
423 b 622
424 a 128
424 b 33
425 a 161
425 b 33
426 a 46
426 b 358
427 a 260
427 b 358
428 a 373
428 b 359
429 a 942
429 b 359
430 a 484
430 b 361
431 a 960
431 b 361
432 a 360
432 b 502
433 a 361
433 b 178
434 a 361
434 b 553
435 a 953
435 b 120
436 a 654
436 b 120
437 a 672
437 b 120
438 a 125
438 b 455
439 a 126
439 b 510
440 a 123
440 b 567
441 a 123
441 b 1030
442 a 206
442 b 277
443 a 363
443 b 387
444 a 362
444 b 280
445 a 364
445 b 214
446 a 153
446 b 474
447 a 154
447 b 377
448 a 154
448 b 1011
449 a 147
449 b 38
450 a 93
450 b 35
451 a 160
451 b 352
452 a 157
452 b 426
453 a 157
453 b 1010
454 a 160
454 b 291
455 a 923
455 b 352
456 a 917
456 b 372
457 a 688
457 b 372
458 a 382
458 b 278
459 a 388
459 b 281
460 a 128
460 b 446
461 a 129
461 b 297
462 a 131
462 b 448
463 a 131
463 b 49
464 a 132
464 b 307
465 a 131
465 b 199
466 a 131
466 b 501
467 a 132
467 b 302
468 a 161
468 b 446
469 a 161
469 b 64
470 a 934
470 b 75
471 a 43
471 b 988
472 a 175
472 b 989
473 a 569
473 b 282
474 a 935
474 b 478
475 a 579
475 b 43
476 a 43
476 b 284
477 a 42
477 b 1013
478 a 41
478 b 644
479 a 613
479 b 384
480 a 386
480 b 537
481 a 385
481 b 699
482 a 386
482 b 674
483 a 957
483 b 387
484 a 389
484 b 518
485 a 389
485 b 544
486 a 389
486 b 245
487 a 389
487 b 619
488 a 390
488 b 701
489 a 365
489 b 676
490 a 96
490 b 1000
491 a 396
491 b 592
492 a 486
492 b 399
493 a 973
493 b 397
494 a 685
494 b 397
495 a 217
495 b 400
496 a 401
496 b 503
497 a 112
497 b 979
498 a 147
498 b 567
499 a 147
499 b 1033
500 a 147
500 b 1030
501 a 151
501 b 455
502 a 152
502 b 291
503 a 151
503 b 90
504 a 148
504 b 316
505 a 713
505 b 403
506 a 375
506 b 694
507 a 420
507 b 315
508 a 700
508 b 421
509 a 920
509 b 426
510 a 920
510 b 1010
511 a 589
511 b 288
512 a 223
512 b 405
513 a 269
513 b 406
514 a 264
514 b 423
515 a 134
515 b 447
516 a 134
516 b 88
517 a 135
517 b 68
518 a 135
518 b 572
519 a 480
519 b 168
520 a 168
520 b 496
521 a 391
521 b 556
522 a 395
522 b 424
523 a 393
523 b 449
524 a 392
524 b 527
525 a 201
525 b 427
526 a 87
526 b 426
527 a 240
527 b 427
528 a 164
528 b 1003
529 a 434
529 b 611
530 a 433
530 b 517
531 a 434
531 b 700
532 a 169
532 b 592
533 a 169
533 b 91
534 a 173
534 b 71
535 a 436
535 b 55
536 a 436
536 b 102
537 a 224
537 b 279
538 a 82
538 b 279
539 a 59
539 b 280
540 a 166
540 b 280
541 a 146
541 b 289
542 a 143
542 b 438
543 a 534
543 b 440
544 a 219
544 b 439
545 a 639
545 b 440
546 a 487
546 b 293
547 a 108
547 b 293
548 a 416
548 b 295
549 a 442
549 b 491
550 a 44
550 b 303
551 a 408
551 b 469
552 a 490
552 b 297
553 a 234
553 b 297
554 a 471
554 b 446
555 a 241
555 b 447
556 a 651
556 b 447
557 a 492
557 b 283
558 a 526
558 b 299
559 a 58
559 b 610
560 a 367
560 b 524
561 a 458
561 b 533
562 a 368
562 b 527
563 a 459
563 b 506
564 a 459
564 b 521
565 a 526
565 b 425
566 a 559
566 b 425
567 a 208
567 b 470
568 a 476
568 b 472
569 a 478
569 b 472
570 a 473
570 b 660
571 a 270
571 b 410
572 a 239
572 b 415
573 a 416
573 b 315
574 a 412
574 b 695
575 a 475
575 b 642
576 a 175
576 b 476
577 a 586
577 b 476
578 a 971
578 b 478
579 a 658
579 b 478
580 a 478
580 b 500
581 a 478
581 b 175
582 a 478
582 b 179
583 a 478
583 b 468
584 a 477
584 b 501
585 a 478
585 b 257
586 a 233
586 b 284
587 a 658
587 b 284
588 a 317
588 b 1006
589 a 112
589 b 1008
590 a 481
590 b 516
591 a 482
591 b 303
592 a 183
592 b 509
593 a 485
593 b 209
594 a 486
594 b 313
595 a 484
595 b 623
596 a 484
596 b 319
597 a 488
597 b 545
598 a 485
598 b 194
599 a 488
599 b 696
600 a 602
600 b 185
601 a 637
601 b 489
602 a 585
602 b 300
603 a 227
603 b 66
604 a 497
604 b 512
605 a 497
605 b 608
606 a 265
606 b 456
607 a 457
607 b 638
608 a 237
608 b 429
609 a 170
609 b 503
610 a 197
610 b 303
611 a 143
611 b 53
612 a 444
612 b 449
613 a 450
613 b 498
614 a 539
614 b 499
615 a 205
615 b 199
616 a 167
616 b 502
617 a 112
617 b 1014
618 a 190
618 b 574
619 a 190
619 b 1035
620 a 69
620 b 306
621 a 229
621 b 306
622 a 47
622 b 523
623 a 60
623 b 531
624 a 69
624 b 319
625 a 69
625 b 1046
626 a 667
626 b 56
627 a 669
627 b 57
628 a 164
628 b 523
629 a 249
629 b 509
630 a 647
630 b 525
631 a 596
631 b 525
632 a 526
632 b 52
633 a 547
633 b 528
634 a 218
634 b 531
635 a 217
635 b 538
636 a 548
636 b 628
637 a 558
637 b 305
638 a 234
638 b 308
639 a 251
639 b 308
640 a 611
640 b 461
641 a 704
641 b 175
642 a 175
642 b 644
643 a 175
643 b 1045
644 a 662
644 b 469
645 a 579
645 b 469
646 a 469
646 b 554
647 a 379
647 b 78
648 a 218
648 b 522
649 a 218
649 b 624
650 a 218
650 b 1036
651 a 94
651 b 1020
652 a 557
652 b 642
653 a 702
653 b 199
654 a 62
654 b 561
655 a 683
655 b 562
656 a 251
656 b 75
657 a 575
657 b 568
658 a 581
658 b 570
659 a 227
659 b 571
660 a 577
660 b 575
661 a 213
661 b 614
662 a 646
662 b 586
663 a 587
663 b 642
664 a 585
664 b 312
665 a 230
665 b 313
666 a 78
666 b 320
667 a 76
667 b 1040
668 a 492
668 b 303
669 a 492
669 b 112
670 a 546
670 b 628
671 a 252
671 b 314
672 a 581
672 b 601
673 a 656
673 b 50
674 a 236
674 b 318
675 a 226
675 b 608
676 a 240
676 b 1031
677 a 654
677 b 302
678 a 112
678 b 302
679 a 94
679 b 303
680 a 194
680 b 612
681 a 109
681 b 612
682 a 613
682 b 716
683 a 580
683 b 322
684 a 463
684 b 686
685 a 582
685 b 563
686 a 617
686 b 715
687 a 87
687 b 316
688 a 226
688 b 80
689 a 664
689 b 622
690 a 960
690 b 623
691 a 467
691 b 624
692 a 625
692 b 629
693 a 255
693 b 629
694 a 632
694 b 634
695 a 241
695 b 88
696 a 677
696 b 634
697 a 194
697 b 1026
698 a 640
698 b 638
699 a 229
699 b 319
700 a 227
700 b 106
701 a 227
701 b 715
702 a 96
702 b 1037
703 a 254
703 b 320
704 a 581
704 b 657
705 a 687
705 b 643
706 a 582
706 b 682
707 a 583
707 b 646
708 a 583
708 b 684
709 a 583
709 b 709
710 a 691
710 b 652
711 a 706
711 b 215
712 a 709
712 b 663
713 a 673
713 b 504
714 a 255
714 b 85
715 a 265
715 b 690
716 a 678
716 b 650
717 a 1345
717 b 730
718 a 1346
718 b 729
719 a 1296
719 b 722
720 a 1315
720 b 722
721 a 1384
721 b 730
722 a 1142
722 b 783
723 a 1142
723 b 881
724 a 1345
724 b 846
725 a 1346
725 b 845
726 a 1208
726 b 782
727 a 1456
727 b 865
728 a 1439
728 b 865
729 a 1384
729 b 898
730 a 1268
730 b 881
731 a 1142
731 b 1108
732 a 1389
732 b 1071
733 a 1171
733 b 1097
734 a 1389
734 b 1100
735 a 1490
735 b 529
736 a 1491
736 b 567
737 a 1491
737 b 590
738 a 1492
738 b 121
739 a 1492
739 b 112
740 a 1501
740 b 1021
741 a 1501
741 b 561
742 a 1548
742 b 35
743 a 1547
743 b 70
744 a 1529
744 b 0
745 a 1524
745 b 40
746 a 1525
746 b 63
747 a 1532
747 b 9
748 a 1337
748 b 4
749 a 1141
749 b 5
750 a 1344
750 b 8
751 a 1537
751 b 11
752 a 1311
752 b 6
753 a 1217
753 b 11
754 a 1522
754 b 233
755 a 1142
755 b 114
756 a 1124
756 b 114
757 a 1211
757 b 113
758 a 1268
758 b 114
759 a 1345
759 b 118
760 a 1323
760 b 32
761 a 1325
761 b 32
762 a 1325
762 b 34
763 a 1163
763 b 324
764 a 1366
764 b 326
765 a 1426
765 b 38
766 a 1426
766 b 567
767 a 1443
767 b 567
768 a 1291
768 b 13
769 a 1317
769 b 13
770 a 1370
770 b 16
771 a 1377
771 b 16
772 a 1281
772 b 111
773 a 1282
773 b 32
774 a 1282
774 b 100
775 a 1283
775 b 61
776 a 1187
776 b 145
777 a 1188
777 b 140
778 a 1186
778 b 142
779 a 1532
779 b 43
780 a 1532
780 b 177
781 a 1336
781 b 1038
782 a 1336
782 b 246
783 a 1336
783 b 102
784 a 1287
784 b 19
785 a 1315
785 b 21
786 a 1302
786 b 25
787 a 1380
787 b 26
788 a 1393
788 b 29
789 a 1288
789 b 54
790 a 1337
790 b 299
791 a 1338
791 b 56
792 a 1338
792 b 200
793 a 1337
793 b 52
794 a 1450
794 b 427
795 a 1452
795 b 427
796 a 1449
796 b 496
797 a 1451
797 b 550
798 a 1340
798 b 77
799 a 1341
799 b 55
800 a 1341
800 b 102
801 a 1141
801 b 140
802 a 1429
802 b 132
803 a 1124
803 b 978
804 a 1344
804 b 56
805 a 1344
805 b 71
806 a 1344
806 b 200
807 a 1345
807 b 283
808 a 1461
808 b 358
809 a 1479
809 b 358
810 a 1384
810 b 121
811 a 1348
811 b 295
812 a 1347
812 b 211
813 a 1347
813 b 78
814 a 1347
814 b 193
815 a 1537
815 b 150
816 a 1299
816 b 276
817 a 1304
817 b 35
818 a 1479
818 b 35
819 a 1317
819 b 40
820 a 1227
820 b 130
821 a 1268
821 b 132
822 a 1370
822 b 43
823 a 1455
823 b 1013
824 a 1455
824 b 316
825 a 1454
825 b 644
826 a 1544
826 b 644
827 a 1458
827 b 286
828 a 1462
828 b 402
829 a 1311
829 b 287
830 a 1292
830 b 73
831 a 1456
831 b 426
832 a 1456
832 b 316
833 a 1253
833 b 148
834 a 1459
834 b 505
835 a 1460
835 b 531
836 a 1459
836 b 561
837 a 1546
837 b 259
838 a 1434
838 b 377
839 a 1436
839 b 550
840 a 1439
840 b 316
841 a 1296
841 b 304
842 a 1389
842 b 947
843 a 1364
843 b 56
844 a 1364
844 b 200
845 a 1364
845 b 267
846 a 1364
846 b 104
847 a 1366
847 b 92
848 a 1298
848 b 283
849 a 1384
849 b 283
850 a 1298
850 b 1020
851 a 1356
851 b 225
852 a 1356
852 b 82
853 a 1358
853 b 65
854 a 1358
854 b 187
855 a 1371
855 b 57
856 a 1371
856 b 263
857 a 1300
857 b 83
858 a 1462
858 b 188
859 a 1304
859 b 189
860 a 1389
860 b 189
861 a 1462
861 b 609
862 a 1210
862 b 196
863 a 1267
863 b 198
864 a 1217
864 b 146
865 a 1242
865 b 146
866 a 1248
866 b 144
867 a 1377
867 b 182
868 a 1127
868 b 259
869 a 1307
869 b 1027
870 a 1307
870 b 83
871 a 1209
871 b 166
872 a 1310
872 b 1017
873 a 1416
873 b 140
874 a 1216
874 b 141
875 a 1276
875 b 141
876 a 1384
876 b 112
877 a 1309
877 b 70
878 a 1310
878 b 304
879 a 1315
879 b 304
880 a 1244
880 b 224
881 a 1383
881 b 235
882 a 1383
882 b 956
883 a 1171
883 b 966
884 a 1171
884 b 259
885 a 1229
885 b 228
886 a 1379
886 b 50
887 a 1379
887 b 238
888 a 1311
888 b 81
889 a 1209
889 b 254
890 a 1394
890 b 263
891 a 1396
891 b 176
892 a 1210
892 b 235
893 a 1397
893 b 247
894 a 1484
894 b 610
895 a 1406
895 b 248
896 a 1263
896 b 231
897 a 1269
897 b 244
898 a 1416
898 b 268
899 a 741
899 b 1504
900 a 873
900 b 1488
901 a 873
901 b 1497
902 a 836
902 b 1504
903 a 727
903 b 1441
904 a 720
904 b 1464
905 a 727
905 b 1445
906 a 723
906 b 1290
907 a 754
907 b 1525
908 a 746
908 b 1515
909 a 829
909 b 1181
910 a 785
910 b 1183
911 a 756
911 b 1328
912 a 881
912 b 1327
913 a 753
913 b 1531
914 a 836
914 b 1441
915 a 828
915 b 1442
916 a 736
916 b 1446
917 a 740
917 b 1468
918 a 743
918 b 1453
919 a 743
919 b 1543
920 a 742
920 b 1477
921 a 742
921 b 1482
922 a 743
922 b 1241
923 a 743
923 b 1466
924 a 881
924 b 1282
925 a 866
925 b 1283
926 a 746
926 b 1232
927 a 745
927 b 1225
928 a 751
928 b 1289
929 a 749
929 b 1295
930 a 751
930 b 1320
931 a 752
931 b 1222
932 a 753
932 b 1305
933 a 752
933 b 1241
934 a 826
934 b 1444
935 a 826
935 b 1542
936 a 892
936 b 1286
937 a 758
937 b 1305
938 a 757
938 b 1306
939 a 796
939 b 1447
940 a 831
940 b 1448
941 a 894
941 b 1448
942 a 840
942 b 1446
943 a 773
943 b 1189
944 a 775
944 b 1190
945 a 803
945 b 1289
946 a 882
946 b 1289
947 a 771
947 b 1223
948 a 771
948 b 1225
949 a 873
949 b 1290
950 a 777
950 b 1297
951 a 776
951 b 1302
952 a 776
952 b 1316
953 a 858
953 b 1457
954 a 822
954 b 1155
955 a 819
955 b 1213
956 a 818
956 b 1168
957 a 818
957 b 1480
958 a 820
958 b 1318
959 a 882
959 b 1301
960 a 825
960 b 1465
961 a 823
961 b 1477
962 a 826
962 b 1472
963 a 862
963 b 1293
964 a 872
964 b 1225
965 a 837
965 b 1312
966 a 808
966 b 1241
967 a 893
967 b 1308
968 a 831
968 b 1483
969 a 888
969 b 1236
970 a 857
970 b 1420
971 a 858
971 b 1472
972 a 892
972 b 1311
973 a 861
973 b 1467
974 a 877
974 b 1257
975 a 889
975 b 1313
976 a 870
976 b 1420
977 a 1101
977 b 1527
978 a 1050
978 b 1265
979 a 1062
979 b 1246
980 a 1094
980 b 1311
981 a 188
981 b 1486
982 a 240
982 b 1487
983 a 242
983 b 1493
984 a 927
984 b 1495
985 a 922
985 b 1498
986 a 910
986 b 1512
987 a 475
987 b 1510
988 a 908
988 b 1521
989 a 644
989 b 1515
990 a 18
990 b 1130
991 a 242
991 b 1130
992 a 241
992 b 1131
993 a 922
993 b 1184
994 a 172
994 b 1182
995 a 970
995 b 1184
996 a 183
996 b 1185
997 a 17
997 b 1160
998 a 536
998 b 1136
999 a 968
999 b 1136
1000 a 909
1000 b 1270
1001 a 627
1001 b 1140
1002 a 240
1002 b 1428
1003 a 357
1003 b 1213
1004 a 358
1004 b 1224
1005 a 904
1005 b 1246
1006 a 926
1006 b 1199
1007 a 927
1007 b 1245
1008 a 927
1008 b 1481
1009 a 535
1009 b 1146
1010 a 37
1010 b 1271
1011 a 941
1011 b 1212
1012 a 632
1012 b 1149
1013 a 944
1013 b 1258
1014 a 918
1014 b 1246
1015 a 919
1015 b 1215
1016 a 922
1016 b 1401
1017 a 922
1017 b 1413
1018 a 931
1018 b 1153
1019 a 933
1019 b 1215
1020 a 933
1020 b 1401
1021 a 393
1021 b 1174
1022 a 974
1022 b 1206
1023 a 241
1023 b 1155
1024 a 651
1024 b 1155
1025 a 530
1025 b 1212
1026 a 591
1026 b 1213
1027 a 242
1027 b 1354
1028 a 626
1028 b 1355
1029 a 548
1029 b 1159
1030 a 186
1030 b 1219
1031 a 188
1031 b 1271
1032 a 240
1032 b 1160
1033 a 496
1033 b 1385
1034 a 507
1034 b 1233
1035 a 381
1035 b 1235
1036 a 566
1036 b 1236
1037 a 955
1037 b 1260
1038 a 536
1038 b 1417
1039 a 647
1039 b 1170
1040 a 976
1040 b 1245
1041 a 964
1041 b 1414
1042 a 969
1042 b 1259
1043 a 632
1043 b 1176
1044 a 242
1044 b 1417
1045 a 698
1045 b 1256
1046 a 974
1046 b 1274
1047 a 1112
1047 b 1503
1048 a 1166
1048 b 1489
1049 a 1166
1049 b 1506
1050 a 1490
1050 b 1271
1051 a 1496
1051 b 1154
1052 a 1501
1052 b 1473
1053 a 1332
1053 b 1526
1054 a 1321
1054 b 1529
1055 a 1528
1055 b 1124
1056 a 1528
1056 b 1179
1057 a 1113
1057 b 1230
1058 a 1508
1058 b 1522
1059 a 1518
1059 b 1534
1060 a 1523
1060 b 1408
1061 a 1132
1061 b 1128
1062 a 1340
1062 b 1183
1063 a 1392
1063 b 1183
1064 a 1425
1064 b 1187
1065 a 1115
1065 b 1208
1066 a 1114
1066 b 1419
1067 a 1507
1067 b 1539
1068 a 1509
1068 b 1142
1069 a 1284
1069 b 1214
1070 a 1333
1070 b 1303
1071 a 1277
1071 b 1335
1072 a 1336
1072 b 1483
1073 a 1116
1073 b 1266
1074 a 1117
1074 b 1247
1075 a 1118
1075 b 1273
1076 a 1193
1076 b 1538
1077 a 1540
1077 b 1403
1078 a 1540
1078 b 1322
1079 a 1394
1079 b 1147
1080 a 1226
1080 b 1350
1081 a 1120
1081 b 1279
1082 a 1121
1082 b 1229
1083 a 1122
1083 b 1263
1084 a 1201
1084 b 1365
1085 a 1200
1085 b 1412
1086 a 1203
1086 b 1405
1087 a 1204
1087 b 1359
1088 a 1150
1088 b 1361
1089 a 1276
1089 b 1144
1090 a 1123
1090 b 1415
1091 a 1152
1091 b 1399
1092 a 1152
1092 b 1314
1093 a 1430
1093 b 1402
1094 a 1383
1094 b 1438
1095 a 1431
1095 b 1173
1096 a 1398
1096 b 1296
1097 a 1369
1097 b 1407
1098 a 1221
1098 b 1411
1099 a 1373
1099 b 1399
1100 a 1373
1100 b 1423
1101 a 1397
1101 b 1158
1102 a 1279
1102 b 1158
1103 a 1392
1103 b 1162
1104 a 1126
1104 b 1269
1105 a 1307
1105 b 1474
1106 a 1237
1106 b 1422
1107 a 1251
1107 b 1411
1108 a 1319
1108 b 1252
1109 a 1261
1109 b 1399
1110 a 1166
1110 b 1419
1111 a 1278
1111 b 1404
1112 a 855
1112 b 763
1113 a 789
1113 b 871
1114 a 145
1114 b 723
1115 a 243
1115 b 726
1116 a 374
1116 b 733
1117 a 705
1117 b 731
1118 a 110
1118 b 733
1119 a 417
1119 b 749
1120 a 244
1120 b 754
1121 a 545
1121 b 755
1122 a 671
1122 b 756
1123 a 398
1123 b 763
1124 a 158
1124 b 821
1125 a 129
1125 b 833
1126 a 397
1126 b 801
1127 a 150
1127 b 821
1128 a 238
1128 b 810
1129 a 490
1129 b 833
1130 a 773
1130 b 1053
1131 a 760
1131 b 1070
1132 a 795
1132 b 1089
1133 a 857
1133 b 1096
1134 a 870
1134 b 1096
1135 a 720
1135 b 977
1136 a 719
1136 b 925
1137 a 857
1137 b 900
1138 a 870
1138 b 900
1139 a 877
1139 b 901
1140 a 878
1140 b 901
1141 a 737
1141 b 998
1142 a 737
1142 b 689
1143 a 743
1143 b 913
1144 a 743
1144 b 938
1145 a 746
1145 b 951
1146 a 745
1146 b 967
1147 a 745
1147 b 975
1148 a 752
1148 b 938
1149 a 762
1149 b 945
1150 a 761
1150 b 105
1151 a 850
1151 b 350
1152 a 766
1152 b 1044
1153 a 770
1153 b 501
1154 a 770
1154 b 693
1155 a 772
1155 b 980
1156 a 857
1156 b 906
1157 a 775
1157 b 912
1158 a 894
1158 b 938
1159 a 784
1159 b 932
1160 a 786
1160 b 959
1161 a 788
1161 b 967
1162 a 788
1162 b 975
1163 a 774
1163 b 430
1164 a 877
1164 b 928
1165 a 877
1165 b 946
1166 a 804
1166 b 67
1167 a 804
1167 b 103
1168 a 816
1168 b 958
1169 a 823
1169 b 1009
1170 a 879
1170 b 949
1171 a 846
1171 b 451
1172 a 823
1172 b 600
1173 a 809
1173 b 518
1174 a 869
1174 b 950
1175 a 850
1175 b 711
1176 a 888
1176 b 952
1177 a 872
1177 b 593
1178 a 869
1178 b 967
1179 a 846
1179 b 494
1180 a 260
1180 b 1053
1181 a 197
1181 b 1054
1182 a 432
1182 b 1070
1183 a 482
1183 b 1096
1184 a 261
1184 b 1091
1185 a 1105
1185 b 906
1186 a 9
1186 b 290
1187 a 7
1187 b 378
1188 a 9
1188 b 1019
1189 a 44
1189 b 900
1190 a 197
1190 b 900
1191 a 539
1191 b 901
1192 a 419
1192 b 15
1193 a 616
1193 b 15
1194 a 401
1194 b 328
1195 a 667
1195 b 328
1196 a 275
1196 b 519
1197 a 330
1197 b 340
1198 a 360
1198 b 342
1199 a 940
1199 b 344
1200 a 344
1200 b 51
1201 a 346
1201 b 67
1202 a 348
1202 b 653
1203 a 553
1203 b 20
1204 a 542
1204 b 28
1205 a 471
1205 b 350
1206 a 356
1206 b 460
1207 a 125
1207 b 435
1208 a 127
1208 b 451
1209 a 121
1209 b 419
1210 a 121
1210 b 163
1211 a 121
1211 b 453
1212 a 46
1212 b 925
1213 a 260
1213 b 925
1214 a 155
1214 b 578
1215 a 36
1215 b 609
1216 a 158
1216 b 290
1217 a 158
1217 b 526
1218 a 128
1218 b 95
1219 a 939
1219 b 906
1220 a 482
1220 b 906
1221 a 419
1221 b 42
1222 a 713
1222 b 911
1223 a 481
1223 b 937
1224 a 401
1224 b 967
1225 a 208
1225 b 980
1226 a 136
1226 b 72
1227 a 150
1227 b 290
1228 a 149
1228 b 451
1229 a 149
1229 b 89
1230 a 921
1230 b 526
1231 a 480
1231 b 928
1232 a 434
1232 b 929
1233 a 412
1233 b 932
1234 a 395
1234 b 945
1235 a 393
1235 b 949
1236 a 434
1236 b 952
1237 a 462
1237 b 294
1238 a 589
1238 b 296
1239 a 444
1239 b 949
1240 a 490
1240 b 298
1241 a 458
1241 b 958
1242 a 211
1242 b 371
1243 a 176
1243 b 370
1244 a 181
1244 b 370
1245 a 607
1245 b 425
1246 a 184
1246 b 409
1247 a 210
1247 b 414
1248 a 182
1248 b 411
1249 a 477
1249 b 615
1250 a 477
1250 b 202
1251 a 675
1251 b 285
1252 a 191
1252 b 428
1253 a 220
1253 b 443
1254 a 497
1254 b 445
1255 a 497
1255 b 600
1256 a 170
1256 b 950
1257 a 170
1257 b 967
1258 a 171
1258 b 49
1259 a 668
1259 b 498
1260 a 679
1260 b 500
1261 a 52
1261 b 1016
1262 a 203
1262 b 452
1263 a 262
1263 b 452
1264 a 317
1264 b 1018
1265 a 573
1265 b 532
1266 a 176
1266 b 378
1267 a 222
1267 b 311
1268 a 220
1268 b 689
1269 a 221
1269 b 595
1270 a 380
1270 b 555
1271 a 662
1271 b 959
1272 a 617
1272 b 598
1273 a 176
1273 b 1025
1274 a 565
1274 b 701
1275 a 204
1275 b 656
1276 a 204
1276 b 94
1277 a 465
1277 b 86
1278 a 466
1278 b 109
1279 a 271
1279 b 656
1280 a 667
1280 b 98
1281 a 1530
1281 b 724
1282 a 1535
1282 b 729
1283 a 1169
1283 b 725
1284 a 1357
1284 b 730
1285 a 1313
1285 b 722
1286 a 1517
1286 b 782
1287 a 1172
1287 b 734
1288 a 1255
1288 b 734
1289 a 1177
1289 b 738
1290 a 1198
1290 b 750
1291 a 1202
1291 b 759
1292 a 1339
1292 b 812
1293 a 1352
1293 b 764
1294 a 1169
1294 b 764
1295 a 1264
1295 b 764
1296 a 1343
1296 b 854
1297 a 1535
1297 b 845
1298 a 1148
1298 b 802
1299 a 1196
1299 b 842
1300 a 1196
1300 b 844
1301 a 1205
1301 b 780
1302 a 1218
1302 b 792
1303 a 1352
1303 b 895
1304 a 1144
1304 b 802
1305 a 1151
1305 b 867
1306 a 1197
1306 b 890
1307 a 1545
1307 b 867
1308 a 1432
1308 b 859
1309 a 1172
1309 b 815
1310 a 1255
1310 b 815
1311 a 1125
1311 b 867
1312 a 1238
1312 b 851
1313 a 1240
1313 b 860
1314 a 1208
1314 b 887
1315 a 1250
1315 b 854
1316 a 1249
1316 b 814
1317 a 1255
1317 b 859
1318 a 1280
1318 b 860
1319 a 1478
1319 b 865
1320 a 1272
1320 b 856
1321 a 1262
1321 b 881
1322 a 1268
1322 b 885
1323 a 1129
1323 b 1051
1324 a 1172
1324 b 1063
1325 a 1343
1325 b 1079
1326 a 1151
1326 b 1076
1327 a 1151
1327 b 1077
1328 a 1151
1328 b 1103
1329 a 1205
1329 b 1103
1330 a 1255
1330 b 1102
1331 a 1490
1331 b 925
1332 a 1228
1332 b 1
1333 a 1513
1333 b 324
1334 a 1517
1334 b 966
1335 a 1522
1335 b 166
1336 a 1541
1336 b 377
1337 a 1134
1337 b 377
1338 a 1133
1338 b 1015
1339 a 1323
1339 b 99
1340 a 1531
1340 b 73
1341 a 1136
1341 b 325
1342 a 1172
1342 b 981
1343 a 1443
1343 b 519
1344 a 1331
1344 b 999
1345 a 1331
1345 b 423
1346 a 1135
1346 b 455
1347 a 1136
1347 b 409
1348 a 1136
1348 b 510
1349 a 1281
1349 b 924
1350 a 1188
1350 b 571
1351 a 1188
1351 b 258
1352 a 1338
1352 b 98
1353 a 1198
1353 b 994
1354 a 1340
1354 b 936
1355 a 1340
1355 b 930
1356 a 1138
1356 b 351
1357 a 1137
1357 b 509
1358 a 1139
1358 b 310
1359 a 1141
1359 b 66
1360 a 1141
1360 b 571
1361 a 1429
1361 b 361
1362 a 1268
1362 b 361
1363 a 1535
1363 b 947
1364 a 1536
1364 b 92
1365 a 1537
1365 b 211
1366 a 1349
1366 b 431
1367 a 1145
1367 b 474
1368 a 1294
1368 b 39
1369 a 1469
1369 b 37
1370 a 1148
1370 b 352
1371 a 1148
1371 b 291
1372 a 1151
1372 b 989
1373 a 1378
1373 b 42
1374 a 1377
1374 b 936
1375 a 1229
1375 b 383
1376 a 1352
1376 b 1030
1377 a 1149
1377 b 369
1378 a 1143
1378 b 455
1379 a 1143
1379 b 90
1380 a 1144
1380 b 291
1381 a 1151
1381 b 1045
1382 a 1432
1382 b 1010
1383 a 1437
1383 b 378
1384 a 1164
1384 b 423
1385 a 1377
1385 b 930
1386 a 1249
1386 b 1004
1387 a 1254
1387 b 948
1388 a 1255
1388 b 1010
1389 a 1354
1389 b 455
1390 a 1125
1390 b 1045
1391 a 1156
1391 b 470
1392 a 1157
1392 b 470
1393 a 1174
1393 b 410
1394 a 1156
1394 b 92
1395 a 1354
1395 b 493
1396 a 1164
1396 b 483
1397 a 1303
1397 b 74
1398 a 1179
1398 b 195
1399 a 1163
1399 b 456
1400 a 1177
1400 b 1011
1401 a 1275
1401 b 145
1402 a 1127
1402 b 522
1403 a 1416
1403 b 508
1404 a 1216
1404 b 520
1405 a 1276
1405 b 520
1406 a 1165
1406 b 690
1407 a 1267
1407 b 521
1408 a 1383
1408 b 549
1409 a 1238
1409 b 1035
1410 a 1169
1410 b 1030
1411 a 1171
1411 b 522
1412 a 1209
1412 b 684
1413 a 1391
1413 b 52
1414 a 1391
1414 b 180
1415 a 1395
1415 b 204
1416 a 1395
1416 b 94
1417 a 1397
1417 b 965
1418 a 1264
1418 b 1030
1419 a 1242
1419 b 611
1420 a 1242
1420 b 965
1421 a 1272
1421 b 1026
1422 a 1244
1422 b 543
1423 a 1269
1423 b 545
1424 a 744
1424 b 1499
1425 a 795
1425 b 1504
1426 a 838
1426 b 1494
1427 a 866
1427 b 1499
1428 a 768
1428 b 1427
1429 a 737
1429 b 1471
1430 a 766
1430 b 1476
1431 a 774
1431 b 1220
1432 a 823
1432 b 1475
1433 a 864
1433 b 1294
1434 a 830
1434 b 1386
1435 a 872
1435 b 1231
1436 a 847
1436 b 1400
1437 a 847
1437 b 1421
1438 a 839
1438 b 1241
1439 a 838
1439 b 1409
1440 a 898
1440 b 1317
1441 a 165
1441 b 1486
1442 a 139
1442 b 1500
1443 a 56
1443 b 1502
1444 a 394
1444 b 1511
1445 a 943
1445 b 1519
1446 a 45
1446 b 1180
1447 a 139
1447 b 1180
1448 a 137
1448 b 1182
1449 a 138
1449 b 1329
1450 a 451
1450 b 1330
1451 a 140
1451 b 1326
1452 a 514
1452 b 1326
1453 a 393
1453 b 1424
1454 a 140
1454 b 1334
1455 a 514
1455 b 1334
1456 a 349
1456 b 1409
1457 a 418
1457 b 1191
1458 a 336
1458 b 1372
1459 a 336
1459 b 1376
1460 a 336
1460 b 1410
1461 a 571
1461 b 1342
1462 a 67
1462 b 1353
1463 a 916
1463 b 1212
1464 a 944
1464 b 1433
1465 a 137
1465 b 1225
1466 a 376
1466 b 1234
1467 a 376
1467 b 1236
1468 a 407
1468 b 1385
1469 a 138
1469 b 1400
1470 a 174
1470 b 1382
1471 a 495
1471 b 1212
1472 a 366
1472 b 1233
1473 a 413
1473 b 1256
1474 a 139
1474 b 1374
1475 a 635
1475 b 1161
1476 a 139
1476 b 1420
1477 a 207
1477 b 1219
1478 a 454
1478 b 1381
1479 a 514
1479 b 1390
1480 a 165
1480 b 1271
1481 a 551
1481 b 1257
1482 a 649
1482 b 1239
1483 a 495
1483 b 1420
1484 a 503
1484 b 1418
1485 a 1351
1485 b 1497
1486 a 1204
1486 b 1505
1487 a 1368
1487 b 1505
1488 a 1516
1488 b 1365
1489 a 1523
1489 b 1375
1490 a 1289
1490 b 1324
1491 a 1367
1491 b 1330
1492 a 1331
1492 b 1463
1493 a 1285
1493 b 1440
1494 a 1280
1494 b 1428
1495 a 1192
1495 b 1360
1496 a 1349
1496 b 1219
1497 a 1194
1497 b 1385
1498 a 1119
1498 b 1228
1499 a 1351
1499 b 1297
1500 a 1121
1500 b 1440
1501 a 1470
1501 b 1353
1502 a 1435
1502 b 1481
1503 a 1167
1503 b 1362
1504 a 1243
1504 b 1158
1505 a 1398
1505 b 1302
1506 a 1279
1506 b 1234
1507 a 515
1507 b 723
1508 a 663
1508 b 754
1509 a 248
1509 b 821
1510 a 746
1510 b 907
1511 a 786
1511 b 907
1512 a 769
1512 b 946
1513 a 774
1513 b 972
1514 a 872
1514 b 963
1515 a 662
1515 b 907
1516 a 346
1516 b 97
1517 a 127
1517 b 437
1518 a 468
1518 b 41
1519 a 607
1519 b 946
1520 a 471
1520 b 641
1521 a 645
1521 b 468
1522 a 177
1522 b 579
1523 a 180
1523 b 93
1524 a 1514
1524 b 738
1525 a 1520
1525 b 780
1526 a 1517
1526 b 887
1527 a 1195
1527 b 806
1528 a 1170
1528 b 802
1529 a 1175
1529 b 810
1530 a 1264
1530 b 891
1531 a 1339
1531 b 1070
1532 a 1510
1532 b 474
1533 a 1520
1533 b 989
1534 a 1522
1534 b 646
1535 a 1135
1535 b 435
1536 a 1349
1536 b 980
1537 a 1147
1537 b 578
1538 a 1242
1538 b 929
1539 a 1179
1539 b 457
1540 a 1178
1540 b 84
1541 a 830
1541 b 1485
1542 a 576
1542 b 1515
1543 a 413
1543 b 1427
1544 a 446
1544 b 1533
1545 a 337
1545 b 1387
1546 a 200
1546 b 1388
1547 a 1207
1547 b 1363
1548 a 1155
1548 b 1382
23
42
1536
1537
1538
1539
1540
1541
1542
1543
1544
1545
1546
1547
1548
1507
1508
1509
1510
1511
1512
1513
1514
1515
1516
1517
1518
1519
1520
1521
1522
1523
1524
1525
1526
1527
1528
1529
1530
1531
1532
1533
1534
1535
395
1112
1113
1114
1115
1116
1117
1118
1119
1120
1121
1122
1123
1124
1125
1126
1127
1128
1129
1130
1131
1132
1133
1134
1135
1136
1137
1138
1139
1140
1141
1142
1143
1144
1145
1146
1147
1148
1149
1150
1151
1152
1153
1154
1155
1156
1157
1158
1159
1160
1161
1162
1163
1164
1165
1166
1167
1168
1169
1170
1171
1172
1173
1174
1175
1176
1177
1178
1179
1180
1181
1182
1183
1184
1185
1186
1187
1188
1189
1190
1191
1192
1193
1194
1195
1196
1197
1198
1199
1200
1201
1202
1203
1204
1205
1206
1207
1208
1209
1210
1211
1212
1213
1214
1215
1216
1217
1218
1219
1220
1221
1222
1223
1224
1225
1226
1227
1228
1229
1230
1231
1232
1233
1234
1235
1236
1237
1238
1239
1240
1241
1242
1243
1244
1245
1246
1247
1248
1249
1250
1251
1252
1253
1254
1255
1256
1257
1258
1259
1260
1261
1262
1263
1264
1265
1266
1267
1268
1269
1270
1271
1272
1273
1274
1275
1276
1277
1278
1279
1280
1281
1282
1283
1284
1285
1286
1287
1288
1289
1290
1291
1292
1293
1294
1295
1296
1297
1298
1299
1300
1301
1302
1303
1304
1305
1306
1307
1308
1309
1310
1311
1312
1313
1314
1315
1316
1317
1318
1319
1320
1321
1322
1323
1324
1325
1326
1327
1328
1329
1330
1331
1332
1333
1334
1335
1336
1337
1338
1339
1340
1341
1342
1343
1344
1345
1346
1347
1348
1349
1350
1351
1352
1353
1354
1355
1356
1357
1358
1359
1360
1361
1362
1363
1364
1365
1366
1367
1368
1369
1370
1371
1372
1373
1374
1375
1376
1377
1378
1379
1380
1381
1382
1383
1384
1385
1386
1387
1388
1389
1390
1391
1392
1393
1394
1395
1396
1397
1398
1399
1400
1401
1402
1403
1404
1405
1406
1407
1408
1409
1410
1411
1412
1413
1414
1415
1416
1417
1418
1419
1420
1421
1422
1423
1424
1425
1426
1427
1428
1429
1430
1431
1432
1433
1434
1435
1436
1437
1438
1439
1440
1441
1442
1443
1444
1445
1446
1447
1448
1449
1450
1451
1452
1453
1454
1455
1456
1457
1458
1459
1460
1461
1462
1463
1464
1465
1466
1467
1468
1469
1470
1471
1472
1473
1474
1475
1476
1477
1478
1479
1480
1481
1482
1483
1484
1485
1486
1487
1488
1489
1490
1491
1492
1493
1494
1495
1496
1497
1498
1499
1500
1501
1502
1503
1504
1505
1506
1112
0
1
2
3
4
5
6
7
8
9
10
11
12
13
14
15
16
17
18
19
20
21
22
23
24
25
26
27
28
29
30
31
32
33
34
35
36
37
38
39
40
41
42
43
44
45
46
47
48
49
50
51
52
53
54
55
56
57
58
59
60
61
62
63
64
65
66
67
68
69
70
71
72
73
74
75
76
77
78
79
80
81
82
83
84
85
86
87
88
89
90
91
92
93
94
95
96
97
98
99
100
101
102
103
104
105
106
107
108
109
110
111
112
113
114
115
116
117
118
119
120
121
122
123
124
125
126
127
128
129
130
131
132
133
134
135
136
137
138
139
140
141
142
143
144
145
146
147
148
149
150
151
152
153
154
155
156
157
158
159
160
161
162
163
164
165
166
167
168
169
170
171
172
173
174
175
176
177
178
179
180
181
182
183
184
185
186
187
188
189
190
191
192
193
194
195
196
197
198
199
200
201
202
203
204
205
206
207
208
209
210
211
212
213
214
215
216
217
218
219
220
221
222
223
224
225
226
227
228
229
230
231
232
233
234
235
236
237
238
239
240
241
242
243
244
245
246
247
248
249
250
251
252
253
254
255
256
257
258
259
260
261
262
263
264
265
266
267
268
269
270
271
272
273
274
275
276
277
278
279
280
281
282
283
284
285
286
287
288
289
290
291
292
293
294
295
296
297
298
299
300
301
302
303
304
305
306
307
308
309
310
311
312
313
314
315
316
317
318
319
320
321
322
323
324
325
326
327
328
329
330
331
332
333
334
335
336
337
338
339
340
341
342
343
344
345
346
347
348
349
350
351
352
353
354
355
356
357
358
359
360
361
362
363
364
365
366
367
368
369
370
371
372
373
374
375
376
377
378
379
380
381
382
383
384
385
386
387
388
389
390
391
392
393
394
395
396
397
398
399
400
401
402
403
404
405
406
407
408
409
410
411
412
413
414
415
416
417
418
419
420
421
422
423
424
425
426
427
428
429
430
431
432
433
434
435
436
437
438
439
440
441
442
443
444
445
446
447
448
449
450
451
452
453
454
455
456
457
458
459
460
461
462
463
464
465
466
467
468
469
470
471
472
473
474
475
476
477
478
479
480
481
482
483
484
485
486
487
488
489
490
491
492
493
494
495
496
497
498
499
500
501
502
503
504
505
506
507
508
509
510
511
512
513
514
515
516
517
518
519
520
521
522
523
524
525
526
527
528
529
530
531
532
533
534
535
536
537
538
539
540
541
542
543
544
545
546
547
548
549
550
551
552
553
554
555
556
557
558
559
560
561
562
563
564
565
566
567
568
569
570
571
572
573
574
575
576
577
578
579
580
581
582
583
584
585
586
587
588
589
590
591
592
593
594
595
596
597
598
599
600
601
602
603
604
605
606
607
608
609
610
611
612
613
614
615
616
617
618
619
620
621
622
623
624
625
626
627
628
629
630
631
632
633
634
635
636
637
638
639
640
641
642
643
644
645
646
647
648
649
650
651
652
653
654
655
656
657
658
659
660
661
662
663
664
665
666
667
668
669
670
671
672
673
674
675
676
677
678
679
680
681
682
683
684
685
686
687
688
689
690
691
692
693
694
695
696
697
698
699
700
701
702
703
704
705
706
707
708
709
710
711
712
713
714
715
716
717
718
719
720
721
722
723
724
725
726
727
728
729
730
731
732
733
734
735
736
737
738
739
740
741
742
743
744
745
746
747
748
749
750
751
752
753
754
755
756
757
758
759
760
761
762
763
764
765
766
767
768
769
770
771
772
773
774
775
776
777
778
779
780
781
782
783
784
785
786
787
788
789
790
791
792
793
794
795
796
797
798
799
800
801
802
803
804
805
806
807
808
809
810
811
812
813
814
815
816
817
818
819
820
821
822
823
824
825
826
827
828
829
830
831
832
833
834
835
836
837
838
839
840
841
842
843
844
845
846
847
848
849
850
851
852
853
854
855
856
857
858
859
860
861
862
863
864
865
866
867
868
869
870
871
872
873
874
875
876
877
878
879
880
881
882
883
884
885
886
887
888
889
890
891
892
893
894
895
896
897
898
899
900
901
902
903
904
905
906
907
908
909
910
911
912
913
914
915
916
917
918
919
920
921
922
923
924
925
926
927
928
929
930
931
932
933
934
935
936
937
938
939
940
941
942
943
944
945
946
947
948
949
950
951
952
953
954
955
956
957
958
959
960
961
962
963
964
965
966
967
968
969
970
971
972
973
974
975
976
977
978
979
980
981
982
983
984
985
986
987
988
989
990
991
992
993
994
995
996
997
998
999
1000
1001
1002
1003
1004
1005
1006
1007
1008
1009
1010
1011
1012
1013
1014
1015
1016
1017
1018
1019
1020
1021
1022
1023
1024
1025
1026
1027
1028
1029
1030
1031
1032
1033
1034
1035
1036
1037
1038
1039
1040
1041
1042
1043
1044
1045
1046
1047
1048
1049
1050
1051
1052
1053
1054
1055
1056
1057
1058
1059
1060
1061
1062
1063
1064
1065
1066
1067
1068
1069
1070
1071
1072
1073
1074
1075
1076
1077
1078
1079
1080
1081
1082
1083
1084
1085
1086
1087
1088
1089
1090
1091
1092
1093
1094
1095
1096
1097
1098
1099
1100
1101
1102
1103
1104
1105
1106
1107
1108
1109
1110
1111
